# JRE version: OpenJDK Runtime Environment Temurin-17.0.2+8 (17.0.2+8) (build 17.0.2+8)
# Java VM: OpenJDK 64-Bit Server VM Temurin-17.0.2+8 (17.0.2+8, mixed mode, tiered, compressed oops, compressed class ptrs, g1 gc, windows-amd64)
GC Precious Log:
 CPUs: 12 total, 12 available
 Memory: 16313M
 Large Page Support: Disabled
 NUMA Support: Disabled
 Compressed Oops: Enabled (Zero based)
 Heap Region Size: 2M
 Heap Min Capacity: 8M
 Heap Initial Capacity: 256M
 Heap Max Capacity: 4080M
 Pre-touch: Disabled
 Parallel Workers: 10
 Concurrent Workers: 3
 Concurrent Refinement Workers: 10
 Periodic GC: Disabled
Heap:
 garbage-first heap   total 161792K, used 57636K [0x0000000701000000, 0x0000000800000000)
  region size 2048K, 17 young (34816K), 1 survivors (2048K)
 Metaspace       used 72776K, committed 73216K, reserved 1114112K
  class space    used 8948K, committed 9152K, reserved 1048576K
GC Heap History (20 events):
Event: 7471.895 GC heap before
{Heap before GC invocations=39 (full 0):
 garbage-first heap   total 161792K, used 119039K [0x0000000701000000, 0x0000000800000000)
  region size 2048K, 47 young (96256K), 1 survivors (2048K)
 Metaspace       used 72763K, committed 73152K, reserved 1114112K
  class space    used 8945K, committed 9152K, reserved 1048576K
}
Event: 7471.896 GC heap after
{Heap after GC invocations=40 (full 0):
 garbage-first heap   total 161792K, used 26831K [0x0000000701000000, 0x0000000800000000)
  region size 2048K, 1 young (2048K), 1 survivors (2048K)
 Metaspace       used 72763K, committed 73152K, reserved 1114112K
  class space    used 8945K, committed 9152K, reserved 1048576K
}
Event: 7472.847 GC heap before
{Heap before GC invocations=40 (full 0):
 garbage-first heap   total 161792K, used 121039K [0x0000000701000000, 0x0000000800000000)
  region size 2048K, 47 young (96256K), 1 survivors (2048K)
 Metaspace       used 72764K, committed 73152K, reserved 1114112K
  class space    used 8946K, committed 9152K, reserved 1048576K
}
Event: 7472.848 GC heap after
{Heap after GC invocations=41 (full 0):
 garbage-first heap   total 161792K, used 26873K [0x0000000701000000, 0x0000000800000000)
  region size 2048K, 1 young (2048K), 1 survivors (2048K)
 Metaspace       used 72764K, committed 73152K, reserved 1114112K
  class space    used 8946K, committed 9152K, reserved 1048576K
}
Event: 7473.856 GC heap before
{Heap before GC invocations=41 (full 0):
 garbage-first heap   total 161792K, used 121081K [0x0000000701000000, 0x0000000800000000)
  region size 2048K, 47 young (96256K), 1 survivors (2048K)
 Metaspace       used 72764K, committed 73152K, reserved 1114112K
  class space    used 8946K, committed 9152K, reserved 1048576K
}
Event: 7473.857 GC heap after
{Heap after GC invocations=42 (full 0):
 garbage-first heap   total 161792K, used 26856K [0x0000000701000000, 0x0000000800000000)
  region size 2048K, 1 young (2048K), 1 survivors (2048K)
 Metaspace       used 72764K, committed 73152K, reserved 1114112K
  class space    used 8946K, committed 9152K, reserved 1048576K
}
Event: 7474.766 GC heap before
{Heap before GC invocations=42 (full 0):
 garbage-first heap   total 161792K, used 121064K [0x0000000701000000, 0x0000000800000000)
  region size 2048K, 47 young (96256K), 1 survivors (2048K)
 Metaspace       used 72764K, committed 73152K, reserved 1114112K
  class space    used 8946K, committed 9152K, reserved 1048576K
}
Event: 7474.766 GC heap after
{Heap after GC invocations=43 (full 0):
 garbage-first heap   total 161792K, used 26896K [0x0000000701000000, 0x0000000800000000)
  region size 2048K, 1 young (2048K), 1 survivors (2048K)
 Metaspace       used 72764K, committed 73152K, reserved 1114112K
  class space    used 8946K, committed 9152K, reserved 1048576K
}
Event: 7475.711 GC heap before
{Heap before GC invocations=43 (full 0):
 garbage-first heap   total 161792K, used 121104K [0x0000000701000000, 0x0000000800000000)
  region size 2048K, 47 young (96256K), 1 survivors (2048K)
 Metaspace       used 72764K, committed 73152K, reserved 1114112K
  class space    used 8946K, committed 9152K, reserved 1048576K
}
Event: 7475.711 GC heap after
{Heap after GC invocations=44 (full 0):
 garbage-first heap   total 161792K, used 26921K [0x0000000701000000, 0x0000000800000000)
  region size 2048K, 1 young (2048K), 1 survivors (2048K)
 Metaspace       used 72764K, committed 73152K, reserved 1114112K
  class space    used 8946K, committed 9152K, reserved 1048576K
}
Event: 7477.066 GC heap before
{Heap before GC invocations=44 (full 0):
 garbage-first heap   total 161792K, used 121129K [0x0000000701000000, 0x0000000800000000)
  region size 2048K, 47 young (96256K), 1 survivors (2048K)
 Metaspace       used 72765K, committed 73152K, reserved 1114112K
  class space    used 8947K, committed 9152K, reserved 1048576K
}
Event: 7477.066 GC heap after
{Heap after GC invocations=45 (full 0):
 garbage-first heap   total 161792K, used 26896K [0x0000000701000000, 0x0000000800000000)
  region size 2048K, 1 young (2048K), 1 survivors (2048K)
 Metaspace       used 72765K, committed 73152K, reserved 1114112K
  class space    used 8947K, committed 9152K, reserved 1048576K
}
Event: 7479.058 GC heap before
{Heap before GC invocations=45 (full 0):
 garbage-first heap   total 161792K, used 121104K [0x0000000701000000, 0x0000000800000000)
  region size 2048K, 47 young (96256K), 1 survivors (2048K)
 Metaspace       used 72772K, committed 73152K, reserved 1114112K
  class space    used 8947K, committed 9152K, reserved 1048576K
}
Event: 7479.058 GC heap after
{Heap after GC invocations=46 (full 0):
 garbage-first heap   total 161792K, used 26895K [0x0000000701000000, 0x0000000800000000)
  region size 2048K, 1 young (2048K), 1 survivors (2048K)
 Metaspace       used 72772K, committed 73152K, reserved 1114112K
  class space    used 8947K, committed 9152K, reserved 1048576K
}
Event: 7481.056 GC heap before
{Heap before GC invocations=46 (full 0):
 garbage-first heap   total 161792K, used 119055K [0x0000000701000000, 0x0000000800000000)
  region size 2048K, 47 young (96256K), 1 survivors (2048K)
 Metaspace       used 72773K, committed 73152K, reserved 1114112K
  class space    used 8948K, committed 9152K, reserved 1048576K
}
Event: 7481.057 GC heap after
{Heap after GC invocations=47 (full 0):
 garbage-first heap   total 161792K, used 26905K [0x0000000701000000, 0x0000000800000000)
  region size 2048K, 1 young (2048K), 1 survivors (2048K)
 Metaspace       used 72773K, committed 73152K, reserved 1114112K
  class space    used 8948K, committed 9152K, reserved 1048576K
}
Event: 7482.153 GC heap before
{Heap before GC invocations=47 (full 0):
 garbage-first heap   total 161792K, used 119065K [0x0000000701000000, 0x0000000800000000)
  region size 2048K, 47 young (96256K), 1 survivors (2048K)
 Metaspace       used 72776K, committed 73216K, reserved 1114112K
  class space    used 8948K, committed 9152K, reserved 1048576K
}
Event: 7482.153 GC heap after
{Heap after GC invocations=48 (full 0):
 garbage-first heap   total 161792K, used 26905K [0x0000000701000000, 0x0000000800000000)
  region size 2048K, 1 young (2048K), 1 survivors (2048K)
 Metaspace       used 72776K, committed 73216K, reserved 1114112K
  class space    used 8948K, committed 9152K, reserved 1048576K
}
Event: 7482.774 GC heap before
{Heap before GC invocations=48 (full 0):
 garbage-first heap   total 161792K, used 119065K [0x0000000701000000, 0x0000000800000000)
  region size 2048K, 47 young (96256K), 1 survivors (2048K)
 Metaspace       used 72776K, committed 73216K, reserved 1114112K
  class space    used 8948K, committed 9152K, reserved 1048576K
}
Event: 7482.775 GC heap after
{Heap after GC invocations=49 (full 0):
 garbage-first heap   total 161792K, used 26916K [0x0000000701000000, 0x0000000800000000)
  region size 2048K, 1 young (2048K), 1 survivors (2048K)
 Metaspace       used 72776K, committed 73216K, reserved 1114112K
  class space    used 8948K, committed 9152K, reserved 1048576K
}

